* using log directory ‘/home/joel/outbreaker-code/outbreaker.Rcheck’
* using R version 3.1.2 (2014-10-31)
* using platform: x86_64-pc-linux-gnu (64-bit)
* using session charset: UTF-8
* checking for file ‘outbreaker/DESCRIPTION’ ... OK
* this is package ‘outbreaker’ version ‘1.1-4’
* checking package namespace information ... OK
* checking package dependencies ... OK
* checking if this is a source package ... OK
* checking if there is a namespace ... OK
* checking for executable files ... OK
* checking for hidden files and directories ... OK
* checking for portable file names ... OK
* checking for sufficient/correct file permissions ... OK
* checking whether package ‘outbreaker’ can be installed ... OK
* checking installed package size ... OK
* checking package directory ... OK
* checking DESCRIPTION meta-information ... OK
* checking top-level files ... OK
* checking for left-over files ... OK
* checking index information ... OK
* checking package subdirectories ... OK
* checking R files for non-ASCII characters ... OK
* checking R files for syntax errors ... OK
* checking whether the package can be loaded ... OK
* checking whether the package can be loaded with stated dependencies ... OK
* checking whether the package can be unloaded cleanly ... OK
* checking whether the namespace can be loaded with stated dependencies ... OK
* checking whether the namespace can be unloaded cleanly ... OK
* checking loading without being on the library search path ... OK
* checking dependencies in R code ... WARNING
'library' or 'require' call not declared from: ‘parallel’
See the information on DESCRIPTION files in the chapter ‘Creating R
packages’ of the ‘Writing R Extensions’ manual.
* checking S3 generic/method consistency ... OK
* checking replacement functions ... OK
* checking foreign function calls ... OK
* checking R code for possible problems ... OK
* checking Rd files ... OK
* checking Rd metadata ... OK
* checking Rd cross-references ... OK
* checking for missing documentation entries ... OK
* checking for code/documentation mismatches ... WARNING
Codoc mismatches from documentation object 'outbreaker':
outbreaker
  Code: function(dna = NULL, dates, idx.dna = NULL, mut.model = 1,
                 spa.model = 0, w.dens, w.trunc = length(w.dens),
                 f.dens = w.dens, f.trunc = length(f.dens), dist.mat =
                 NULL, init.tree = c("seqTrack", "random", "star"),
                 init.kappa = NULL, init.mu1 = NULL, init.mu2 =
                 init.mu1, init.spa1 = NULL, init.spa2 = NULL, n.iter =
                 1e+05, sample.every = 500, tune.every = 500, burnin =
                 20000, import.method = c("genetic", "full", "none"),
                 find.import.n = 50, pi.param1 = 10, pi.param2 = 1,
                 spa1.prior = 1, spa2.prior = 1, move.mut = TRUE,
                 move.ances = TRUE, move.kappa = TRUE, move.Tinf =
                 TRUE, move.pi = TRUE, move.spa = TRUE,
                 outlier.threshold = 5, max.kappa = 10, quiet = TRUE,
                 res.file.name = "chains.txt", tune.file.name =
                 "tuning.txt", seed = NULL)
  Docs: function(dna = NULL, dates, idx.dna = NULL, mut.model = 1,
                 spa.model = 1, w.dens, w.trunc = length(w.dens),
                 f.dens = w.dens, f.trunc = length(f.dens), dist.mat =
                 NULL, locations = NULL, init.tree = c("seqTrack",
                 "random", "star"), init.kappa = NULL, init.mu1 = NULL,
                 init.mu2 = init.mu1, init.spa1 = NULL, init.spa2 =
                 NULL, n.iter = 1e+05, sample.every = 500, tune.every =
                 500, burnin = 20000, import.method = c("genetic",
                 "full", "none"), find.import.n = 50, pi.param1 = 10,
                 pi.param2 = 1, phi.param1 = 5, phi.param2 = 1,
                 spa1.prior = 1, spa2.prior = 1, move.mut = TRUE,
                 move.ances = TRUE, move.kappa = TRUE, move.Tinf =
                 TRUE, move.pi = TRUE, move.phi = TRUE, move.spa =
                 TRUE, outlier.threshold = 5, max.kappa = 10, quiet =
                 TRUE, res.file.name = "chains.txt", tune.file.name =
                 "tuning.txt", seed = NULL)
  Argument names in docs not in code:
    locations phi.param1 phi.param2 move.phi
  Mismatches in argument names (first 3):
    Position: 11 Code: init.tree Docs: locations
    Position: 12 Code: init.kappa Docs: init.tree
    Position: 13 Code: init.mu1 Docs: init.kappa
  Mismatches in argument default values:
    Name: 'spa.model' Code: 0 Docs: 1
outbreaker.parallel
  Code: function(n.runs, parallel = require("parallel"), n.cores =
                 NULL, dna = NULL, dates, idx.dna = NULL, mut.model =
                 1, spa.model = 0, w.dens, w.trunc = length(w.dens),
                 f.dens = w.dens, f.trunc = length(f.dens), dist.mat =
                 NULL, init.tree = c("seqTrack", "random", "star"),
                 init.kappa = NULL, init.mu1 = NULL, init.mu2 =
                 init.mu1, init.spa1 = NULL, init.spa2 = NULL, n.iter =
                 1e+05, sample.every = 500, tune.every = 500, burnin =
                 20000, import.method = c("genetic", "full", "none"),
                 find.import.n = 50, pi.param1 = 10, pi.param2 = 1,
                 spa1.prior = 1, spa2.prior = 1, move.mut = TRUE,
                 move.ances = TRUE, move.kappa = TRUE, move.Tinf =
                 TRUE, move.pi = TRUE, move.spa = TRUE,
                 outlier.threshold = 5, max.kappa = 10, quiet = TRUE,
                 res.file.name = "chains.txt", tune.file.name =
                 "tuning.txt", seed = NULL)
  Docs: function(n.runs, parallel = require("parallel"), n.cores =
                 NULL, dna = NULL, dates, idx.dna = NULL, mut.model =
                 1, spa.model = 1, w.dens, w.trunc = length(w.dens),
                 f.dens = w.dens, f.trunc = length(f.dens), dist.mat =
                 NULL, locations = NULL, init.tree = c("seqTrack",
                 "random", "star"), init.kappa = NULL, init.mu1 = NULL,
                 init.mu2 = init.mu1, init.spa1 = NULL, init.spa2 =
                 NULL, n.iter = 1e+05, sample.every = 500, tune.every =
                 500, burnin = 20000, import.method = c("genetic",
                 "full", "none"), find.import.n = 50, pi.param1 = 10,
                 pi.param2 = 1, phi.param1 = 5, phi.param2 = 1,
                 spa1.prior = 1, spa2.prior = 1, move.mut = TRUE,
                 move.ances = TRUE, move.kappa = TRUE, move.Tinf =
                 TRUE, move.pi = TRUE, move.phi = TRUE, move.spa =
                 TRUE, outlier.threshold = 5, max.kappa = 10, quiet =
                 TRUE, res.file.name = "chains.txt", tune.file.name =
                 "tuning.txt", seed = NULL)
  Argument names in docs not in code:
    locations phi.param1 phi.param2 move.phi
  Mismatches in argument names (first 3):
    Position: 14 Code: init.tree Docs: locations
    Position: 15 Code: init.kappa Docs: init.tree
    Position: 16 Code: init.mu1 Docs: init.kappa
  Mismatches in argument default values:
    Name: 'spa.model' Code: 0 Docs: 1

* checking Rd \usage sections ... OK
* checking Rd contents ... OK
* checking for unstated dependencies in examples ... OK
* checking contents of ‘data’ directory ... OK
* checking data for non-ASCII characters ... OK
* checking data for ASCII and uncompressed saves ... OK
* checking line endings in C/C++/Fortran sources/headers ... OK
* checking line endings in Makefiles ... OK
* checking compilation flags in Makevars ... OK
* checking for portable use of $(BLAS_LIBS) and $(LAPACK_LIBS) ... OK
* checking compiled code ... NOTE
File ‘outbreaker/libs/outbreaker.so’:
  Found ‘stdout’, possibly from ‘stdout’ (C)
    Object: ‘outbreaker.o’

Compiled code should not call entry points which might terminate R nor
write to stdout/stderr instead of to the console, nor the C RNG.

See ‘Writing portable packages’ in the ‘Writing R Extensions’ manual.
* checking examples ... OK
* checking PDF version of manual ... OK
* DONE
WARNING: There were 2 warnings.
NOTE: There was 1 note.
